android-app/app/build/intermediates/manifest_merge_blame_file/debug/processDebugMainManifest/manifest-merger-blame-debug-report.txt
1<?xml version="1.0" encoding="utf-8"?>
2<manifest xmlns:android="http://schemas.android.com/apk/res/android"
3    package="com.radoslove.interslavic"
4    android:versionCode="8"
5    android:versionName="0.8" >
6
7    <uses-sdk
8        android:minSdkVersion="24"
9        android:targetSdkVersion="34" />
10
11    <permission
11-->[androidx.core:core:1.13.1] AndroidManifest.xml:22:5-24:47
12        android:name="com.radoslove.interslavic.DYNAMIC_RECEIVER_NOT_EXPORTED_PERMISSION"
12-->[androidx.core:core:1.13.1] AndroidManifest.xml:23:9-81
13        android:protectionLevel="signature" />
13-->[androidx.core:core:1.13.1] AndroidManifest.xml:24:9-44
14
15    <uses-permission android:name="com.radoslove.interslavic.DYNAMIC_RECEIVER_NOT_EXPORTED_PERMISSION" />
15-->[androidx.core:core:1.13.1] AndroidManifest.xml:26:5-97
15-->[androidx.core:core:1.13.1] AndroidManifest.xml:26:22-94
16
17    <application
17-->src\main\AndroidManifest.xml:4:5-32:19
18        android:allowBackup="true"
18-->src\main\AndroidManifest.xml:5:9-35
19        android:appComponentFactory="androidx.core.app.CoreComponentFactory"
19-->[androidx.core:core:1.13.1] AndroidManifest.xml:28:18-86
20        android:debuggable="true"
21        android:extractNativeLibs="false"
22        android:label="@string/app_name"
22-->src\main\AndroidManifest.xml:6:9-41
23        android:supportsRtl="true" >
23-->src\main\AndroidManifest.xml:7:9-35
24        <activity
24-->src\main\AndroidManifest.xml:9:9-17:20
25            android:name="com.radoslove.interslavic.SetupActivity"
25-->src\main\AndroidManifest.xml:10:13-42
26            android:exported="true"
26-->src\main\AndroidManifest.xml:12:13-36
27            android:label="@string/app_name" >
27-->src\main\AndroidManifest.xml:11:13-45
28            <intent-filter>
28-->src\main\AndroidManifest.xml:13:13-16:29
29                <action android:name="android.intent.action.MAIN" />
29-->src\main\AndroidManifest.xml:14:17-69
29-->src\main\AndroidManifest.xml:14:25-66
30
31                <category android:name="android.intent.category.LAUNCHER" />
31-->src\main\AndroidManifest.xml:15:17-77
31-->src\main\AndroidManifest.xml:15:27-74
32            </intent-filter>
33        </activity>
34
35        <service
35-->src\main\AndroidManifest.xml:19:9-30:19
36            android:name="com.radoslove.interslavic.ImeService"
36-->src\main\AndroidManifest.xml:20:13-39
37            android:exported="true"
37-->src\main\AndroidManifest.xml:23:13-36
38            android:label="@string/ime_name"
38-->src\main\AndroidManifest.xml:21:13-45
39            android:permission="android.permission.BIND_INPUT_METHOD" >
39-->src\main\AndroidManifest.xml:22:13-70
40            <intent-filter>
40-->src\main\AndroidManifest.xml:24:13-26:29
41                <action android:name="android.view.InputMethod" />
41-->src\main\AndroidManifest.xml:25:17-67
41-->src\main\AndroidManifest.xml:25:25-64
42            </intent-filter>
43
44            <meta-data
44-->src\main\AndroidManifest.xml:27:13-29:50
45                android:name="android.view.im"
45-->src\main\AndroidManifest.xml:28:17-47
46                android:resource="@xml/method" />
46-->src\main\AndroidManifest.xml:29:17-47
47        </service>
48
49        <provider
49-->[androidx.profileinstaller:profileinstaller:1.3.0] AndroidManifest.xml:24:9-32:20
50            android:name="androidx.startup.InitializationProvider"
50-->[androidx.profileinstaller:profileinstaller:1.3.0] AndroidManifest.xml:25:13-67
51            android:authorities="com.radoslove.interslavic.androidx-startup"
51-->[androidx.profileinstaller:profileinstaller:1.3.0] AndroidManifest.xml:26:13-68
52            android:exported="false" >
52-->[androidx.profileinstaller:profileinstaller:1.3.0] AndroidManifest.xml:27:13-37
53            <meta-data
53-->[androidx.profileinstaller:profileinstaller:1.3.0] AndroidManifest.xml:29:13-31:52
54                android:name="androidx.profileinstaller.ProfileInstallerInitializer"
54-->[androidx.profileinstaller:profileinstaller:1.3.0] AndroidManifest.xml:30:17-85
55                android:value="androidx.startup" />
55-->[androidx.profileinstaller:profileinstaller:1.3.0] AndroidManifest.xml:31:17-49
56        </provider>
57
58        <receiver
58-->[androidx.profileinstaller:profileinstaller:1.3.0] AndroidManifest.xml:34:9-52:20
59            android:name="androidx.profileinstaller.ProfileInstallReceiver"
59-->[androidx.profileinstaller:profileinstaller:1.3.0] AndroidManifest.xml:35:13-76
60            android:directBootAware="false"
60-->[androidx.profileinstaller:profileinstaller:1.3.0] AndroidManifest.xml:36:13-44
61            android:enabled="true"
61-->[androidx.profileinstaller:profileinstaller:1.3.0] AndroidManifest.xml:37:13-35
62            android:exported="true"
62-->[androidx.profileinstaller:profileinstaller:1.3.0] AndroidManifest.xml:38:13-36
63            android:permission="android.permission.DUMP" >
63-->[androidx.profileinstaller:profileinstaller:1.3.0] AndroidManifest.xml:39:13-57
64            <intent-filter>
64-->[androidx.profileinstaller:profileinstaller:1.3.0] AndroidManifest.xml:40:13-42:29
65                <action android:name="androidx.profileinstaller.action.INSTALL_PROFILE" />
65-->[androidx.profileinstaller:profileinstaller:1.3.0] AndroidManifest.xml:41:17-91
65-->[androidx.profileinstaller:profileinstaller:1.3.0] AndroidManifest.xml:41:25-88
66            </intent-filter>
67            <intent-filter>
67-->[androidx.profileinstaller:profileinstaller:1.3.0] AndroidManifest.xml:43:13-45:29
68                <action android:name="androidx.profileinstaller.action.SKIP_FILE" />
68-->[androidx.profileinstaller:profileinstaller:1.3.0] AndroidManifest.xml:44:17-85
68-->[androidx.profileinstaller:profileinstaller:1.3.0] AndroidManifest.xml:44:25-82
69            </intent-filter>
70            <intent-filter>
70-->[androidx.profileinstaller:profileinstaller:1.3.0] AndroidManifest.xml:46:13-48:29
71                <action android:name="androidx.profileinstaller.action.SAVE_PROFILE" />
71-->[androidx.profileinstaller:profileinstaller:1.3.0] AndroidManifest.xml:47:17-88
71-->[androidx.profileinstaller:profileinstaller:1.3.0] AndroidManifest.xml:47:25-85
72            </intent-filter>
73            <intent-filter>
73-->[androidx.profileinstaller:profileinstaller:1.3.0] AndroidManifest.xml:49:13-51:29
74                <action android:name="androidx.profileinstaller.action.BENCHMARK_OPERATION" />
74-->[androidx.profileinstaller:profileinstaller:1.3.0] AndroidManifest.xml:50:17-95
74-->[androidx.profileinstaller:profileinstaller:1.3.0] AndroidManifest.xml:50:25-92
75            </intent-filter>
76        </receiver>
77    </application>
78
79</manifest>